0 info it worked if it ends with ok
1 verbose cli [ '/usr/bin/nodejs',
1 verbose cli   '/usr/bin/npm',
1 verbose cli   'install',
1 verbose cli   '-g',
1 verbose cli   'localtunnel' ]
2 info using npm@2.15.9
3 info using node@v4.6.1
4 verbose install initial load of /usr/lib/package.json
5 verbose readDependencies loading dependencies from /usr/lib/package.json
6 silly cache add args [ 'localtunnel', null ]
7 verbose cache add spec localtunnel
8 silly cache add parsed spec Result {
8 silly cache add   raw: 'localtunnel',
8 silly cache add   scope: null,
8 silly cache add   name: 'localtunnel',
8 silly cache add   rawSpec: '',
8 silly cache add   spec: 'latest',
8 silly cache add   type: 'tag' }
9 silly addNamed localtunnel@latest
10 verbose addNamed "latest" is being treated as a dist-tag for localtunnel
11 info addNameTag [ 'localtunnel', 'latest' ]
12 silly mapToRegistry name localtunnel
13 silly mapToRegistry using default registry
14 silly mapToRegistry registry https://registry.npmjs.org/
15 silly mapToRegistry data Result {
15 silly mapToRegistry   raw: 'localtunnel',
15 silly mapToRegistry   scope: null,
15 silly mapToRegistry   name: 'localtunnel',
15 silly mapToRegistry   rawSpec: '',
15 silly mapToRegistry   spec: 'latest',
15 silly mapToRegistry   type: 'tag' }
16 silly mapToRegistry uri https://registry.npmjs.org/localtunnel
17 verbose addNameTag registry:https://registry.npmjs.org/localtunnel not in flight; fetching
18 verbose request uri https://registry.npmjs.org/localtunnel
19 verbose request no auth needed
20 info attempt registry request try #1 at 5:30:56 PM
21 verbose request id 2ef6dc8835759a0d
22 http request GET https://registry.npmjs.org/localtunnel
23 http 200 https://registry.npmjs.org/localtunnel
24 verbose headers { server: 'nginx/1.10.1',
24 verbose headers   'content-type': 'application/json',
24 verbose headers   'last-modified': 'Mon, 05 Dec 2016 07:58:35 GMT',
24 verbose headers   etag: 'W/"58451e2b-7350"',
24 verbose headers   'content-encoding': 'gzip',
24 verbose headers   'cache-control': 'max-age=300',
24 verbose headers   'content-length': '4666',
24 verbose headers   'accept-ranges': 'bytes',
24 verbose headers   date: 'Thu, 08 Dec 2016 01:30:59 GMT',
24 verbose headers   via: '1.1 varnish',
24 verbose headers   age: '281',
24 verbose headers   connection: 'keep-alive',
24 verbose headers   'x-served-by': 'cache-lax8622-LAX',
24 verbose headers   'x-cache': 'HIT',
24 verbose headers   'x-cache-hits': '1',
24 verbose headers   'x-timer': 'S1481160659.506342,VS0,VE0',
24 verbose headers   vary: 'Accept-Encoding' }
25 silly get cb [ 200,
25 silly get   { server: 'nginx/1.10.1',
25 silly get     'content-type': 'application/json',
25 silly get     'last-modified': 'Mon, 05 Dec 2016 07:58:35 GMT',
25 silly get     etag: 'W/"58451e2b-7350"',
25 silly get     'content-encoding': 'gzip',
25 silly get     'cache-control': 'max-age=300',
25 silly get     'content-length': '4666',
25 silly get     'accept-ranges': 'bytes',
25 silly get     date: 'Thu, 08 Dec 2016 01:30:59 GMT',
25 silly get     via: '1.1 varnish',
25 silly get     age: '281',
25 silly get     connection: 'keep-alive',
25 silly get     'x-served-by': 'cache-lax8622-LAX',
25 silly get     'x-cache': 'HIT',
25 silly get     'x-cache-hits': '1',
25 silly get     'x-timer': 'S1481160659.506342,VS0,VE0',
25 silly get     vary: 'Accept-Encoding' } ]
26 verbose get saving localtunnel to /home/allen/.npm/registry.npmjs.org/localtunnel/.cache.json
27 verbose correctMkdir /home/allen/.npm correctMkdir not in flight; initializing
28 verbose makeDirectory /home/allen/.npm creation not in flight; initializing
29 silly makeDirectory /home/allen/.npm uid: 1000 gid: 1000
30 silly addNameTag next cb for localtunnel with tag latest
31 silly addNamed localtunnel@1.8.2
32 verbose addNamed "1.8.2" is a plain semver version for localtunnel
33 silly mapToRegistry name localtunnel
34 silly mapToRegistry using default registry
35 silly mapToRegistry registry https://registry.npmjs.org/
36 silly mapToRegistry data Result {
36 silly mapToRegistry   raw: 'localtunnel',
36 silly mapToRegistry   scope: null,
36 silly mapToRegistry   name: 'localtunnel',
36 silly mapToRegistry   rawSpec: '',
36 silly mapToRegistry   spec: 'latest',
36 silly mapToRegistry   type: 'tag' }
37 silly mapToRegistry uri https://registry.npmjs.org/localtunnel
38 verbose addRemoteTarball https://registry.npmjs.org/localtunnel/-/localtunnel-1.8.2.tgz not in flight; adding
39 verbose addRemoteTarball [ 'https://registry.npmjs.org/localtunnel/-/localtunnel-1.8.2.tgz',
39 verbose addRemoteTarball   '913051e8328b51f75ad8a22ad1f5c5b8c599a359' ]
40 info retry fetch attempt 1 at 5:31:00 PM
41 info attempt registry request try #1 at 5:31:00 PM
42 http fetch GET https://registry.npmjs.org/localtunnel/-/localtunnel-1.8.2.tgz
43 http fetch 200 https://registry.npmjs.org/localtunnel/-/localtunnel-1.8.2.tgz
44 silly fetchAndShaCheck shasum 913051e8328b51f75ad8a22ad1f5c5b8c599a359
45 verbose addTmpTarball /tmp/npm-5307-c6bcd2a0/registry.npmjs.org/localtunnel/-/localtunnel-1.8.2.tgz not in flight; adding
46 verbose addTmpTarball already have metadata; skipping unpack for localtunnel@1.8.2
47 verbose correctMkdir /home/allen/.npm correctMkdir not in flight; initializing
48 silly cache afterAdd localtunnel@1.8.2
49 verbose afterAdd /home/allen/.npm/localtunnel/1.8.2/package/package.json not in flight; writing
50 verbose correctMkdir /home/allen/.npm correctMkdir not in flight; initializing
51 verbose afterAdd /home/allen/.npm/localtunnel/1.8.2/package/package.json written
52 silly install resolved [ { author: { name: 'Roman Shtylman', email: 'shtylman@gmail.com' },
52 silly install resolved     name: 'localtunnel',
52 silly install resolved     description: 'expose localhost to the world',
52 silly install resolved     version: '1.8.2',
52 silly install resolved     license: 'MIT',
52 silly install resolved     repository:
52 silly install resolved      { type: 'git',
52 silly install resolved        url: 'git://github.com/localtunnel/localtunnel.git' },
52 silly install resolved     dependencies:
52 silly install resolved      { request: '2.78.0',
52 silly install resolved        yargs: '3.29.0',
52 silly install resolved        debug: '2.2.0',
52 silly install resolved        openurl: '1.1.0' },
52 silly install resolved     devDependencies: { mocha: '~1.17.0' },
52 silly install resolved     scripts: { test: 'mocha --ui qunit --reporter list --timeout 10000 -- test/index.js' },
52 silly install resolved     bin: { lt: './bin/client' },
52 silly install resolved     main: './client.js',
52 silly install resolved     gitHead: '8efcb3a29415d4a0d307b3537f17118afed173d8',
52 silly install resolved     bugs: { url: 'https://github.com/localtunnel/localtunnel/issues' },
52 silly install resolved     homepage: 'https://github.com/localtunnel/localtunnel#readme',
52 silly install resolved     _id: 'localtunnel@1.8.2',
52 silly install resolved     _shasum: '913051e8328b51f75ad8a22ad1f5c5b8c599a359',
52 silly install resolved     _from: 'localtunnel@latest',
52 silly install resolved     _npmVersion: '3.10.3',
52 silly install resolved     _nodeVersion: '6.7.0',
52 silly install resolved     _npmUser: { name: 'defunctzombie', email: 'shtylman@gmail.com' },
52 silly install resolved     dist:
52 silly install resolved      { shasum: '913051e8328b51f75ad8a22ad1f5c5b8c599a359',
52 silly install resolved        tarball: 'https://registry.npmjs.org/localtunnel/-/localtunnel-1.8.2.tgz' },
52 silly install resolved     maintainers: [ [Object] ],
52 silly install resolved     _npmOperationalInternal:
52 silly install resolved      { host: 'packages-18-east.internal.npmjs.com',
52 silly install resolved        tmp: 'tmp/localtunnel-1.8.2.tgz_1479450670115_0.32097971555776894' },
52 silly install resolved     directories: {},
52 silly install resolved     _resolved: 'https://registry.npmjs.org/localtunnel/-/localtunnel-1.8.2.tgz' } ]
53 info install localtunnel@1.8.2 into /usr/lib
54 info installOne localtunnel@1.8.2
55 verbose installOne of localtunnel to /usr/lib not in flight; installing
56 verbose correctMkdir /home/allen/.npm/_locks correctMkdir not in flight; initializing
57 verbose makeDirectory /home/allen/.npm/_locks creation not in flight; initializing
58 silly makeDirectory /home/allen/.npm/_locks uid: 1000 gid: 1000
59 verbose lock using /home/allen/.npm/_locks/localtunnel-32572fb6c89cd19b.lock for /usr/lib/node_modules/localtunnel
60 silly install write writing localtunnel 1.8.2 to /usr/lib/node_modules/localtunnel
61 verbose unbuild lib/node_modules/localtunnel
62 silly gentlyRm /usr/lib/node_modules/localtunnel is being purged from base /usr
63 verbose gentlyRm don't care about contents; nuking /usr/lib/node_modules/localtunnel
64 verbose tar unpack /home/allen/.npm/localtunnel/1.8.2/package.tgz
65 verbose tar unpacking to /usr/lib/node_modules/localtunnel
66 silly gentlyRm /usr/lib/node_modules/localtunnel is being purged
67 verbose gentlyRm don't care about contents; nuking /usr/lib/node_modules/localtunnel
68 silly gunzTarPerm modes [ '775', '664' ]
69 error tar.unpack untar error /home/allen/.npm/localtunnel/1.8.2/package.tgz
70 verbose unlock done using /home/allen/.npm/_locks/localtunnel-32572fb6c89cd19b.lock for /usr/lib/node_modules/localtunnel
71 verbose fstream_path /usr/lib/node_modules/localtunnel
72 verbose fstream_type Directory
73 verbose fstream_class DirWriter
74 verbose stack Error: EACCES: permission denied, mkdir '/usr/lib/node_modules/localtunnel'
74 verbose stack     at Error (native)
75 verbose fstream_stack /usr/lib/node_modules/npm/node_modules/fstream/lib/dir-writer.js:35:25
75 verbose fstream_stack /usr/lib/node_modules/npm/node_modules/mkdirp/index.js:47:53
75 verbose fstream_stack FSReqWrap.oncomplete (fs.js:82:15)
76 verbose cwd /home/allen/sqltest
77 error Linux 4.8.0-22-generic
78 error argv "/usr/bin/nodejs" "/usr/bin/npm" "install" "-g" "localtunnel"
79 error node v4.6.1
80 error npm  v2.15.9
81 error path /usr/lib/node_modules/localtunnel
82 error code EACCES
83 error errno -13
84 error syscall mkdir
85 error Error: EACCES: permission denied, mkdir '/usr/lib/node_modules/localtunnel'
85 error     at Error (native)
85 error  { [Error: EACCES: permission denied, mkdir '/usr/lib/node_modules/localtunnel']
85 error   errno: -13,
85 error   code: 'EACCES',
85 error   syscall: 'mkdir',
85 error   path: '/usr/lib/node_modules/localtunnel',
85 error   fstream_type: 'Directory',
85 error   fstream_path: '/usr/lib/node_modules/localtunnel',
85 error   fstream_class: 'DirWriter',
85 error   fstream_stack:
85 error    [ '/usr/lib/node_modules/npm/node_modules/fstream/lib/dir-writer.js:35:25',
85 error      '/usr/lib/node_modules/npm/node_modules/mkdirp/index.js:47:53',
85 error      'FSReqWrap.oncomplete (fs.js:82:15)' ] }
86 error Please try running this command again as root/Administrator.
87 verbose exit [ -13, true ]
88 verbose unbuild lib/node_modules/localtunnel
89 silly gentlyRm /usr/lib/node_modules/localtunnel is being purged from base /usr
90 verbose gentlyRm don't care about contents; nuking /usr/lib/node_modules/localtunnel
